<?xml version="1.0" encoding="UTF-8"?>
<testng-results ignored="0" total="1" passed="1" failed="0" skipped="0">
  <reporter-output>
  </reporter-output>
  <suite started-at="2025-07-09T10:16:55 IST" name="Surefire suite" finished-at="2025-07-09T10:16:55 IST" duration-ms="142">
    <groups>
    </groups>
    <test started-at="2025-07-09T10:16:55 IST" name="Surefire test" finished-at="2025-07-09T10:16:55 IST" duration-ms="142">
      <class name="CMD.Sample_Test">
        <test-method signature="m1_Test()[pri:0, instance:CMD.Sample_Test@2805c96b]" started-at="2025-07-09T10:16:55 IST" name="m1_Test" finished-at="2025-07-09T10:16:55 IST" duration-ms="12" status="PASS">
          <reporter-output>
          </reporter-output>
        </test-method> <!-- m1_Test -->
      </class> <!-- CMD.Sample_Test -->
    </test> <!-- Surefire test -->
  </suite> <!-- Surefire suite -->
</testng-results>
