<?xml version="1.0" encoding="UTF-8"?>
<!-- Generated by org.testng.reporters.JUnitXMLReporter -->
<testsuite ignored="3" hostname="DESKTOP-QJINDOB" failures="0" tests="4" name="Test" time="63.285" errors="0" timestamp="2025-07-26T13:08:10 IST">
  <testcase classname="TestNG.BaseClass" name="@BeforeClass launchBrowser" time="-1.753515490246E9">
    <failure type="org.testng.TestNGException" message="
Parameter &amp;apos;browser&amp;apos; is required by BeforeClass on method launchBrowser but has not been marked @Optional or defined
in C:\Users\Sinchan\eclipse-workspace\SelDdt\testng_assign_parallel.xml">
      <![CDATA[org.testng.TestNGException: 
Parameter 'browser' is required by BeforeClass on method launchBrowser but has not been marked @Optional or defined
in C:\Users\Sinchan\eclipse-workspace\SelDdt\testng_assign_parallel.xml
at java.base/java.util.concurrent.Executors$RunnableAdapter.call(Executors.java:572)
at java.base/java.util.concurrent.FutureTask.run(FutureTask.java:317)
at java.base/java.util.concurrent.ThreadPoolExecutor.runWorker(ThreadPoolExecutor.java:1144)
at java.base/java.util.concurrent.ThreadPoolExecutor$Worker.run(ThreadPoolExecutor.java:642)
at java.base/java.lang.Thread.run(Thread.java:1583)
... Removed 8 stack frames]]>
    </failure>
  </testcase> <!-- @BeforeClass launchBrowser -->
  <testcase classname="TestNG.BaseClass" name="@BeforeClass launchBrowser" time="-1.753515490246E9">
    <failure type="org.testng.TestNGException" message="
Parameter &amp;apos;browser&amp;apos; is required by BeforeClass on method launchBrowser but has not been marked @Optional or defined
in C:\Users\Sinchan\eclipse-workspace\SelDdt\testng_assign_parallel.xml">
      <![CDATA[org.testng.TestNGException: 
Parameter 'browser' is required by BeforeClass on method launchBrowser but has not been marked @Optional or defined
in C:\Users\Sinchan\eclipse-workspace\SelDdt\testng_assign_parallel.xml
at java.base/java.util.concurrent.Executors$RunnableAdapter.call(Executors.java:572)
at java.base/java.util.concurrent.FutureTask.run(FutureTask.java:317)
at java.base/java.util.concurrent.ThreadPoolExecutor.runWorker(ThreadPoolExecutor.java:1144)
at java.base/java.util.concurrent.ThreadPoolExecutor$Worker.run(ThreadPoolExecutor.java:642)
at java.base/java.lang.Thread.run(Thread.java:1583)
... Removed 8 stack frames]]>
    </failure>
  </testcase> <!-- @BeforeClass launchBrowser -->
  <testcase classname="TestNG.BaseClass" name="@BeforeMethod CreateBm" time="0.0">
    <skipped/>
  </testcase> <!-- @BeforeMethod CreateBm -->
  <testcase classname="TestNG.BaseClass" name="@BeforeMethod CreateBm" time="0.0">
    <skipped/>
  </testcase> <!-- @BeforeMethod CreateBm -->
  <testcase classname="TestNG.BaseClass" name="@AfterMethod CreateAm" time="0.0">
    <skipped/>
  </testcase> <!-- @AfterMethod CreateAm -->
  <testcase classname="TestNG.BaseClass" name="@AfterMethod CreateAm" time="0.0">
    <skipped/>
  </testcase> <!-- @AfterMethod CreateAm -->
  <testcase classname="TestNG.BaseClass" name="@BeforeMethod CreateBm" time="0.0">
    <skipped/>
  </testcase> <!-- @BeforeMethod CreateBm -->
  <testcase classname="TestNG.BaseClass" name="@BeforeMethod CreateBm" time="0.0">
    <skipped/>
  </testcase> <!-- @BeforeMethod CreateBm -->
  <testcase classname="TestNG.BaseClass" name="@AfterMethod CreateAm" time="0.0">
    <skipped/>
  </testcase> <!-- @AfterMethod CreateAm -->
  <testcase classname="TestNG.BaseClass" name="@AfterMethod CreateAm" time="0.0">
    <skipped/>
  </testcase> <!-- @AfterMethod CreateAm -->
  <testcase classname="TestNG.BaseClass" name="@AfterClass CreateAc" time="0.0">
    <skipped/>
  </testcase> <!-- @AfterClass CreateAc -->
  <testcase classname="TestNG.BaseClass" name="@AfterClass CreateAc" time="0.0">
    <skipped/>
  </testcase> <!-- @AfterClass CreateAc -->
  <testcase classname="AssignmentTestNG.CreateOrgTest" name="createOrg" time="0.0">
    <skipped/>
  </testcase> <!-- createOrg -->
  <testcase classname="AssignmentTestNG.CreateContactTest" name="createContact" time="0.0">
    <skipped/>
  </testcase> <!-- createContact -->
  <testcase classname="AssignmentTestNG.CreateContactTest" name="createContactWithOrg" time="0.0">
    <skipped/>
  </testcase> <!-- createContactWithOrg -->
  <testcase classname="AssignmentTestNG.CreateOrgTest" name="createOrgWithPhoneNo" time="0.0">
    <skipped/>
  </testcase> <!-- createOrgWithPhoneNo -->
  <testcase classname="TestNG.BaseClass" name="@AfterSuite CreateAs" time="0.0">
    <ignored/>
  </testcase> <!-- @AfterSuite CreateAs -->
  <testcase classname="TestNG.BaseClass" name="CreateBs" time="0.0">
    <ignored/>
  </testcase> <!-- CreateBs -->
  <testcase classname="TestNG.BaseClass" name="CreateBs" time="0.0">
    <ignored/>
  </testcase> <!-- CreateBs -->
</testsuite> <!-- Test -->
