<?xml version="1.0" encoding="UTF-8"?>
<!-- Generated by org.testng.reporters.JUnitXMLReporter -->
<testsuite ignored="1" hostname="DESKTOP-QJINDOB" failures="0" tests="2" name="Test2" time="112.609" errors="0" timestamp="2025-07-26T14:34:53 IST">
  <testcase classname="AssignmentTestNG.CreateContactTest" name="createContact" time="0.007"/>
  <testcase classname="AssignmentTestNG.CreateContactTest" name="createContactWithOrg" time="0.0">
    <skipped/>
  </testcase> <!-- createContactWithOrg -->
  <testcase classname="TestNG.BaseClass" name="launchBrowser" time="0.0">
    <ignored/>
  </testcase> <!-- launchBrowser -->
</testsuite> <!-- Test2 -->
