<?xml version="1.0" encoding="UTF-8"?>
<!-- Generated by org.testng.reporters.JUnitXMLReporter -->
<testsuite ignored="3" hostname="DESKTOP-QJINDOB" failures="0" tests="6" name="Test2" time="1098.238" errors="0" timestamp="2025-08-13T15:56:39 IST">
  <testcase classname="TestNG.CreateContactWithOrganizationTest" name="createContactTest" time="0.0">
    <skipped/>
  </testcase> <!-- createContactTest -->
  <testcase classname="TestNG.CreateContactWithOrganizationTest" name="createContactWithOrg" time="0.0">
    <skipped/>
  </testcase> <!-- createContactWithOrg -->
  <testcase classname="TestNG.CreateContactWithOrganizationTest" name="createContactWithSupportDate" time="0.0">
    <skipped/>
  </testcase> <!-- createContactWithSupportDate -->
  <testcase classname="TestNG.CreateOrgTest" name="createOrg" time="157.615"/>
  <testcase classname="TestNG.CreateOrgTest" name="createOrgWithIndustryAndAccountType" time="64.385"/>
  <testcase classname="TestNG.CreateOrgTest" name="createOrgWithPhoneNo" time="29.536"/>
  <testcase classname="TestNG.BaseClass" name="CreateBs" time="0.0">
    <ignored/>
  </testcase> <!-- CreateBs -->
  <testcase classname="TestNG.BaseClass" name="CreateBs" time="0.0">
    <ignored/>
  </testcase> <!-- CreateBs -->
  <testcase classname="TestNG.BaseClass" name="@AfterSuite CreateAs" time="0.0">
    <ignored/>
  </testcase> <!-- @AfterSuite CreateAs -->
</testsuite> <!-- Test2 -->
