<?xml version="1.0" encoding="UTF-8"?>
<testng-results ignored="0" total="1" passed="0" failed="1" skipped="0">
  <reporter-output>
  </reporter-output>
  <suite started-at="2025-08-04T23:10:25 IST" name="Default suite" finished-at="2025-08-04T23:12:04 IST" duration-ms="99243">
    <groups>
    </groups>
    <test started-at="2025-08-04T23:10:25 IST" name="Default test" finished-at="2025-08-04T23:12:04 IST" duration-ms="99243">
      <class name="Calender.KSRTC">
        <test-method signature="krctcBokin_Test()[pri:0, instance:Calender.KSRTC@13c9d689]" started-at="2025-08-04T23:10:25 IST" name="krctcBokin_Test" finished-at="2025-08-04T23:12:04 IST" duration-ms="98968" status="FAIL">
          <exception class="java.io.FileNotFoundException">
            <message>
              <![CDATA[.\SelDdt\src\test\resources\TestCaseToScript.xlsx (The system cannot find the path specified)]]>
            </message>
            <full-stacktrace>
              <![CDATA[java.io.FileNotFoundException: .\SelDdt\src\test\resources\TestCaseToScript.xlsx (The system cannot find the path specified)
at java.base/java.io.FileInputStream.open0(Native Method)
at java.base/java.io.FileInputStream.open(FileInputStream.java:213)
at java.base/java.io.FileInputStream.<init>(FileInputStream.java:152)
at java.base/java.io.FileInputStream.<init>(FileInputStream.java:106)
at Calender.KSRTC.krctcBokin_Test(KSRTC.java:55)
at java.base/jdk.internal.reflect.DirectMethodHandleAccessor.invoke(DirectMethodHandleAccessor.java:103)
at java.base/java.lang.reflect.Method.invoke(Method.java:580)
at org.testng.internal.invokers.MethodInvocationHelper.invokeMethod(MethodInvocationHelper.java:141)
at org.testng.internal.invokers.TestInvoker.invokeMethod(TestInvoker.java:687)
at org.testng.internal.invokers.TestInvoker.invokeTestMethod(TestInvoker.java:230)
at org.testng.internal.invokers.MethodRunner.runInSequence(MethodRunner.java:63)
at org.testng.internal.invokers.TestInvoker$MethodInvocationAgent.invoke(TestInvoker.java:995)
at org.testng.internal.invokers.TestInvoker.invokeTestMethods(TestInvoker.java:203)
at org.testng.internal.invokers.TestMethodWorker.invokeTestMethods(TestMethodWorker.java:154)
at org.testng.internal.invokers.TestMethodWorker.run(TestMethodWorker.java:134)
at java.base/java.util.ArrayList.forEach(ArrayList.java:1596)
at org.testng.TestRunner.privateRun(TestRunner.java:741)
at org.testng.TestRunner.run(TestRunner.java:616)
at org.testng.SuiteRunner.runTest(SuiteRunner.java:421)
at org.testng.SuiteRunner.runSequentially(SuiteRunner.java:413)
at org.testng.SuiteRunner.privateRun(SuiteRunner.java:373)
at org.testng.SuiteRunner.run(SuiteRunner.java:312)
at org.testng.SuiteRunnerWorker.runSuite(SuiteRunnerWorker.java:52)
at org.testng.SuiteRunnerWorker.run(SuiteRunnerWorker.java:95)
at org.testng.TestNG.runSuitesSequentially(TestNG.java:1274)
at org.testng.TestNG.runSuitesLocally(TestNG.java:1208)
at org.testng.TestNG.runSuites(TestNG.java:1112)
at org.testng.TestNG.run(TestNG.java:1079)
at org.testng.remote.AbstractRemoteTestNG.run(AbstractRemoteTestNG.java:115)
at org.testng.remote.RemoteTestNG.initAndRun(RemoteTestNG.java:293)
at org.testng.remote.RemoteTestNG.main(RemoteTestNG.java:91)
]]>
            </full-stacktrace>
          </exception> <!-- java.io.FileNotFoundException -->
          <reporter-output>
          </reporter-output>
        </test-method> <!-- krctcBokin_Test -->
      </class> <!-- Calender.KSRTC -->
    </test> <!-- Default test -->
  </suite> <!-- Default suite -->
</testng-results>
