<?xml version="1.0" encoding="UTF-8"?>
<testsuite xmlns:xsi="http://www.w3.org/2001/XMLSchema-instance" xsi:noNamespaceSchemaLocation="https://maven.apache.org/surefire/maven-surefire-plugin/xsd/surefire-test-report-3.0.xsd" version="3.0" name="TestSuite" time="110.68" tests="11" errors="0" skipped="10" failures="1">
  <properties>
[...]
</properties>
  <testcase name="CreateBc" classname="TestNG.CreateOrgTest" time="104.313">
    <failure message="Could not start a new session. Response code 500. Message: session not created: DevToolsActivePort file doesn&apos;t exist &#10;Host info: host: &apos;DESKTOP-QJINDOB&apos;, ip: &apos;10.10.40.137&apos;&#10;Build info: version: &apos;4.27.0&apos;, revision: &apos;d6e718d134&apos;&#10;System info: os.name: &apos;Windows 10&apos;, os.arch: &apos;amd64&apos;, os.version: &apos;10.0&apos;, java.version: &apos;21.0.6&apos;&#10;Driver info: org.openqa.selenium.chrome.ChromeDriver&#10;Command: [null, newSession {capabilities=[Capabilities {browserName: chrome, goog:chromeOptions: {args: [], binary: C:\Program Files\Google\Chr..., extensions: []}}]}]" type="org.openqa.selenium.SessionNotCreatedException"><![CDATA[org.openqa.selenium.SessionNotCreatedException: 
Could not start a new session. Response code 500. Message: session not created: DevToolsActivePort file doesn't exist 
Host info: host: 'DESKTOP-QJINDOB', ip: '10.10.40.137'
Build info: version: '4.27.0', revision: 'd6e718d134'
System info: os.name: 'Windows 10', os.arch: 'amd64', os.version: '10.0', java.version: '21.0.6'
Driver info: org.openqa.selenium.chrome.ChromeDriver
Command: [null, newSession {capabilities=[Capabilities {browserName: chrome, goog:chromeOptions: {args: [], binary: C:\Program Files\Google\Chr..., extensions: []}}]}]
]]></failure>
    <system-out><![CDATA[Launch The Browser
]]></system-out>
    <system-err><![CDATA[SLF4J: Failed to load class "org.slf4j.impl.StaticLoggerBinder".
SLF4J: Defaulting to no-operation (NOP) logger implementation
SLF4J: See http://www.slf4j.org/codes.html#StaticLoggerBinder for further details.
]]></system-err>
  </testcase>
  <testcase name="CreateBm" classname="TestNG.CreateOrgTest" time="0">
    <skipped/>
  </testcase>
  <testcase name="CreateBm" classname="TestNG.CreateOrgTest" time="0">
    <skipped/>
  </testcase>
  <testcase name="CreateBm" classname="TestNG.CreateOrgTest" time="0">
    <skipped/>
  </testcase>
  <testcase name="createOrg" classname="TestNG.CreateOrgTest" time="0">
    <skipped message="Could not start a new session. Response code 500. Message: session not created: DevToolsActivePort file doesn&apos;t exist &#10;Host info: host: &apos;DESKTOP-QJINDOB&apos;, ip: &apos;10.10.40.137&apos;&#10;Build info: version: &apos;4.27.0&apos;, revision: &apos;d6e718d134&apos;&#10;System info: os.name: &apos;Windows 10&apos;, os.arch: &apos;amd64&apos;, os.version: &apos;10.0&apos;, java.version: &apos;21.0.6&apos;&#10;Driver info: org.openqa.selenium.chrome.ChromeDriver&#10;Command: [null, newSession {capabilities=[Capabilities {browserName: chrome, goog:chromeOptions: {args: [], binary: C:\Program Files\Google\Chr..., extensions: []}}]}]"/>
  </testcase>
  <testcase name="CreateAm" classname="TestNG.CreateOrgTest" time="0">
    <skipped/>
  </testcase>
  <testcase name="CreateAm" classname="TestNG.CreateOrgTest" time="0">
    <skipped/>
  </testcase>
  <testcase name="CreateAm" classname="TestNG.CreateOrgTest" time="0">
    <skipped/>
  </testcase>
  <testcase name="createOrgWithIndustryAndAccountType" classname="TestNG.CreateOrgTest" time="0">
    <skipped message="Could not start a new session. Response code 500. Message: session not created: DevToolsActivePort file doesn&apos;t exist &#10;Host info: host: &apos;DESKTOP-QJINDOB&apos;, ip: &apos;10.10.40.137&apos;&#10;Build info: version: &apos;4.27.0&apos;, revision: &apos;d6e718d134&apos;&#10;System info: os.name: &apos;Windows 10&apos;, os.arch: &apos;amd64&apos;, os.version: &apos;10.0&apos;, java.version: &apos;21.0.6&apos;&#10;Driver info: org.openqa.selenium.chrome.ChromeDriver&#10;Command: [null, newSession {capabilities=[Capabilities {browserName: chrome, goog:chromeOptions: {args: [], binary: C:\Program Files\Google\Chr..., extensions: []}}]}]"/>
  </testcase>
  <testcase name="createOrgWithPhoneNo" classname="TestNG.CreateOrgTest" time="0">
    <skipped message="Could not start a new session. Response code 500. Message: session not created: DevToolsActivePort file doesn&apos;t exist &#10;Host info: host: &apos;DESKTOP-QJINDOB&apos;, ip: &apos;10.10.40.137&apos;&#10;Build info: version: &apos;4.27.0&apos;, revision: &apos;d6e718d134&apos;&#10;System info: os.name: &apos;Windows 10&apos;, os.arch: &apos;amd64&apos;, os.version: &apos;10.0&apos;, java.version: &apos;21.0.6&apos;&#10;Driver info: org.openqa.selenium.chrome.ChromeDriver&#10;Command: [null, newSession {capabilities=[Capabilities {browserName: chrome, goog:chromeOptions: {args: [], binary: C:\Program Files\Google\Chr..., extensions: []}}]}]"/>
  </testcase>
  <testcase name="CreateAc" classname="TestNG.CreateOrgTest" time="0">
    <skipped/>
  </testcase>
</testsuite>